[debug] [2024-01-04T10:30:04.035Z] ----------------------------------------------------------------------
[debug] [2024-01-04T10:30:04.037Z] Command:       C:\Program Files\nodejs\node.exe C:\Users\kaami\AppData\Roaming\npm\node_modules\firebase-tools\lib\bin\firebase.js init hosting
[debug] [2024-01-04T10:30:04.038Z] CLI Version:   13.0.2
[debug] [2024-01-04T10:30:04.038Z] Platform:      win32
[debug] [2024-01-04T10:30:04.038Z] Node Version:  v21.5.0
[debug] [2024-01-04T10:30:04.038Z] Time:          Thu Jan 04 2024 10:30:04 GMT+0000 (Greenwich Mean Time)
[debug] [2024-01-04T10:30:04.039Z] ----------------------------------------------------------------------
[debug] 
[debug] [2024-01-04T10:30:04.046Z] > command requires scopes: ["email","openid","https://www.googleapis.com/auth/cloudplatformprojects.readonly","https://www.googleapis.com/auth/firebase","https://www.googleapis.com/auth/cloud-platform"]
[debug] [2024-01-04T10:30:04.047Z] > authorizing via signed-in user (kaamilsaib01@gmail.com)
[info] 
     ######## #### ########  ######## ########     ###     ######  ########
     ##        ##  ##     ## ##       ##     ##  ##   ##  ##       ##
     ######    ##  ########  ######   ########  #########  ######  ######
     ##        ##  ##    ##  ##       ##     ## ##     ##       ## ##
     ##       #### ##     ## ######## ########  ##     ##  ######  ########

You're about to initialize a Firebase project in this directory:

  D:\Desktop\Work\my-projects

[info] 
=== Project Setup
[info] 
[info] First, let's associate this project directory with a Firebase project.
[info] You can create multiple project aliases by running firebase use --add, 
[info] but for now we'll just set up a default project.
[info] 
[debug] [2024-01-04T10:31:40.645Z] >>> [apiv2][query] GET https://firebase.googleapis.com/v1beta1/projects pageSize=100
[debug] [2024-01-04T10:31:41.668Z] <<< [apiv2][status] GET https://firebase.googleapis.com/v1beta1/projects 200
[debug] [2024-01-04T10:31:41.668Z] <<< [apiv2][body] GET https://firebase.googleapis.com/v1beta1/projects [omitted]
[info] i  Using project test-auth-9468a (Task Scheduler) 
[info] 
=== Hosting Setup
[debug] [2024-01-04T10:31:43.837Z] >>> [apiv2][query] GET https://firebase.googleapis.com/v1beta1/projects/test-auth-9468a [none]
[debug] [2024-01-04T10:31:44.165Z] <<< [apiv2][status] GET https://firebase.googleapis.com/v1beta1/projects/test-auth-9468a 200
[debug] [2024-01-04T10:31:44.165Z] <<< [apiv2][body] GET https://firebase.googleapis.com/v1beta1/projects/test-auth-9468a {"projectId":"test-auth-9468a","projectNumber":"941542964311","displayName":"Task Scheduler","name":"projects/test-auth-9468a","resources":{"hostingSite":"test-auth-9468a","realtimeDatabaseInstance":"test-auth-9468a-default-rtdb"},"state":"ACTIVE","etag":"1_46eedde9-8461-49ba-a8b6-e7a7b05eed7a"}
[info] 
[info] Your public directory is the folder (relative to your project directory) that
[info] will contain Hosting assets to be uploaded with firebase deploy. If you
[info] have a build process for your assets, use your build's output directory.
[info] 
[debug] [2024-01-04T10:51:07.509Z] >>> [apiv2][query] GET https://www.gstatic.com/firebasejs/releases.json [none]
[debug] [2024-01-04T10:51:07.834Z] <<< [apiv2][status] GET https://www.gstatic.com/firebasejs/releases.json 200
[debug] [2024-01-04T10:51:07.834Z] <<< [apiv2][body] GET https://www.gstatic.com/firebasejs/releases.json {"current":{"version":"10.7.1","browserURL":"https://www.gstatic.com/firebasejs/10.7.1/firebase.js","packageURL":"https://www.gstatic.com/firebasejs/10.7.1/firebase.tgz"},"live":{"version":"10.7","browserURL":"https://www.gstatic.com/firebasejs/live/10.7/firebase.js","packageURL":"https://www.gstatic.com/firebasejs/live/10.7/firebase.tgz"},"components":{"analytics":"https://www.gstatic.com/firebasejs/10.7.1/firebase-analytics.js","app":"https://www.gstatic.com/firebasejs/10.7.1/firebase-app.js","app-check":"https://www.gstatic.com/firebasejs/10.7.1/firebase-app-check.js","auth":"https://www.gstatic.com/firebasejs/10.7.1/firebase-auth.js","auth/cordova":"https://www.gstatic.com/firebasejs/10.7.1/firebase-auth/cordova.js","functions":"https://www.gstatic.com/firebasejs/10.7.1/firebase-functions.js","firestore":"https://www.gstatic.com/firebasejs/10.7.1/firebase-firestore.js","firestore/lite":"https://www.gstatic.com/firebasejs/10.7.1/firebase-firestore/lite.js","installations":"https://www.gstatic.com/firebasejs/10.7.1/firebase-installations.js","storage":"https://www.gstatic.com/firebasejs/10.7.1/firebase-storage.js","performance":"https://www.gstatic.com/firebasejs/10.7.1/firebase-performance.js","remote-config":"https://www.gstatic.com/firebasejs/10.7.1/firebase-remote-config.js","messaging":"https://www.gstatic.com/firebasejs/10.7.1/firebase-messaging.js","messaging/sw":"https://www.gstatic.com/firebasejs/10.7.1/firebase-messaging/sw.js","database":"https://www.gstatic.com/firebasejs/10.7.1/firebase-database.js","firestore.memory":"https://www.gstatic.com/firebasejs/10.7.1/firebase-firestore.memory.js"}}
[info] +  Wrote y/index.html 
[info] 
[info] i  Detected a .git folder at D:\Desktop\Work\my-projects 
[info] i  Authorizing with GitHub to upload your service account to a GitHub repository's secrets store. 
[info] 
[info] Visit this URL on this device to log in:
[info] https://github.com/login/oauth/authorize?client_id=89cf50f02ac6aaed3484&state=745302349&redirect_uri=http%3A%2F%2Flocalhost%3A9005&scope=read%3Auser%20repo%20public_repo
[info] 
[info] Waiting for authentication...
[debug] [2024-01-04T10:51:50.961Z] >>> [apiv2][query] POST https://github.com/login/oauth/access_token [none]
[debug] [2024-01-04T10:51:50.961Z] >>> [apiv2][body] POST https://github.com/login/oauth/access_token [stream]
[debug] [2024-01-04T10:51:52.206Z] <<< [apiv2][status] POST https://github.com/login/oauth/access_token 200
[debug] [2024-01-04T10:51:52.207Z] <<< [apiv2][body] POST https://github.com/login/oauth/access_token {"access_token":"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","token_type":"bearer","scope":"read:user,repo"}
[debug] [2024-01-04T10:51:52.214Z] >>> [apiv2][query] GET https://api.github.com/user [none]
[debug] [2024-01-04T10:51:52.860Z] <<< [apiv2][status] GET https://api.github.com/user 200
[debug] [2024-01-04T10:51:52.860Z] <<< [apiv2][body] GET https://api.github.com/user {"login":"Kaamil-Saib","id":102786093,"node_id":"U_kgDOBiBkLQ","avatar_url":"https://avatars.githubusercontent.com/u/102786093?v=4","gravatar_id":"","url":"https://api.github.com/users/Kaamil-Saib","html_url":"https://github.com/Kaamil-Saib","followers_url":"https://api.github.com/users/Kaamil-Saib/followers","following_url":"https://api.github.com/users/Kaamil-Saib/following{/other_user}","gists_url":"https://api.github.com/users/Kaamil-Saib/gists{/gist_id}","starred_url":"https://api.github.com/users/Kaamil-Saib/starred{/owner}{/repo}","subscriptions_url":"https://api.github.com/users/Kaamil-Saib/subscriptions","organizations_url":"https://api.github.com/users/Kaamil-Saib/orgs","repos_url":"https://api.github.com/users/Kaamil-Saib/repos","events_url":"https://api.github.com/users/Kaamil-Saib/events{/privacy}","received_events_url":"https://api.github.com/users/Kaamil-Saib/received_events","type":"User","site_admin":false,"name":"Kaamil Saib","company":null,"blog":"","location":null,"email":null,"hireable":null,"bio":null,"twitter_username":null,"public_repos":2,"public_gists":0,"followers":0,"following":0,"created_at":"2022-04-01T06:12:03Z","updated_at":"2024-01-02T09:44:41Z","private_gists":0,"total_private_repos":0,"owned_private_repos":0,"disk_usage":5,"collaborators":0,"two_factor_authentication":false,"plan":{"name":"free","space":976562499,"collaborators":0,"private_repos":10000}}
[info] 
[info] +  Success! Logged into GitHub as Kaamil-Saib 
[info] 
